/home/gabriel/workspaceMestrado/fomdd/FOMDD/target/A/ServletJPA/domain/WebStores/Base/src/main/java/model/action/ModelAction.jak
/home/gabriel/workspaceMestrado/fomdd/FOMDD/target/A/ServletJPA/domain/WebStores/Base/src/main/webapp/home.jsp
/home/gabriel/workspaceMestrado/fomdd/FOMDD/target/A/ServletJPA/domain/WebStores/Base/src/main/java/controller/action/ControllerAction.jak
/home/gabriel/workspaceMestrado/fomdd/FOMDD/target/A/ServletJPA/domain/WebStores/Base/src/main/java/controller/action/GoToHome.jak
/home/gabriel/workspaceMestrado/fomdd/FOMDD/target/A/ServletJPA/domain/WebStores/Base/src/main/java/controller/ControllerServlet.jak
/home/gabriel/workspaceMestrado/fomdd/FOMDD/target/A/ServletJPA/domain/WebStores/Base/src/main/resources/META-INF/persistence.xml
/home/gabriel/workspaceMestrado/fomdd/FOMDD/target/A/ServletJPA/domain/WebStores/Base/src/main/webapp/WEB-INF/web.xml
/home/gabriel/workspaceMestrado/fomdd/FOMDD/target/A/ServletJPA/domain/WebStores/BasicFrontEndDefinitions/src/main/java/model/Customer.jak
/home/gabriel/workspaceMestrado/fomdd/FOMDD/target/A/ServletJPA/domain/WebStores/ProductManagement/src/main/java/model/Product.jak
/home/gabriel/workspaceMestrado/fomdd/FOMDD/target/A/ServletJPA/domain/WebStores/BasicFrontEndDefinitions/src/main/java/model/Order.jak
/home/gabriel/workspaceMestrado/fomdd/FOMDD/target/A/ServletJPA/domain/WebStores/ProductManagement/src/main/java/model/Order.jak
/home/gabriel/workspaceMestrado/fomdd/FOMDD/target/A/ServletJPA/domain/WebStores/Payment/src/main/java/model/Order.jak
/home/gabriel/workspaceMestrado/fomdd/FOMDD/target/A/ServletJPA/domain/WebStores/BasicBackEndDefinitions/src/main/java/model/Seller.jak
/home/gabriel/workspaceMestrado/fomdd/FOMDD/target/A/ServletJPA/domain/WebStores/ProductManagement/src/main/java/model/Seller.jak
/home/gabriel/workspaceMestrado/fomdd/FOMDD/target/A/ServletJPA/domain/WebStores/Payment/src/main/java/model/Payment.jak
/home/gabriel/workspaceMestrado/fomdd/FOMDD/target/A/ServletJPA/domain/WebStores/BasicFrontEndDefinitions/src/main/java/model/repository/CustomerRepository.jak
/home/gabriel/workspaceMestrado/fomdd/FOMDD/target/A/ServletJPA/domain/WebStores/ProductManagement/src/main/java/model/repository/ProductRepository.jak
/home/gabriel/workspaceMestrado/fomdd/FOMDD/target/A/ServletJPA/domain/WebStores/BasicFrontEndDefinitions/src/main/java/model/repository/OrderRepository.jak
/home/gabriel/workspaceMestrado/fomdd/FOMDD/target/A/ServletJPA/domain/WebStores/BasicBackEndDefinitions/src/main/java/model/repository/SellerRepository.jak
/home/gabriel/workspaceMestrado/fomdd/FOMDD/target/A/ServletJPA/domain/WebStores/Payment/src/main/java/model/repository/PaymentRepository.jak
/home/gabriel/workspaceMestrado/fomdd/FOMDD/target/A/ServletJPA/domain/WebStores/BasicFrontEndDefinitions/src/main/java/model/action/NewCustomerAction.jak
/home/gabriel/workspaceMestrado/fomdd/FOMDD/target/A/ServletJPA/domain/WebStores/ProductManagement/src/main/java/model/action/NewProductAction.jak
/home/gabriel/workspaceMestrado/fomdd/FOMDD/target/A/ServletJPA/domain/WebStores/BasicFrontEndDefinitions/src/main/java/model/action/NewOrderAction.jak
/home/gabriel/workspaceMestrado/fomdd/FOMDD/target/A/ServletJPA/domain/WebStores/BasicBackEndDefinitions/src/main/java/model/action/NewSellerAction.jak
/home/gabriel/workspaceMestrado/fomdd/FOMDD/target/A/ServletJPA/domain/WebStores/Payment/src/main/java/model/action/NewPaymentAction.jak
/home/gabriel/workspaceMestrado/fomdd/FOMDD/target/A/ServletJPA/domain/WebStores/BasicFrontEndDefinitions/src/main/webapp/catalog.jsp
/home/gabriel/workspaceMestrado/fomdd/FOMDD/target/A/ServletJPA/domain/WebStores/StaticContent/src/main/webapp/catalog.jsp
/home/gabriel/workspaceMestrado/fomdd/FOMDD/target/A/ServletJPA/domain/WebStores/StaticContent/src/main/webapp/home.jsp
/home/gabriel/workspaceMestrado/fomdd/FOMDD/target/A/ServletJPA/domain/WebStores/BasicBackEndDefinitions/src/main/webapp/seller.jsp
/home/gabriel/workspaceMestrado/fomdd/FOMDD/target/A/ServletJPA/domain/WebStores/ProductManagement/src/main/webapp/seller.jsp
/home/gabriel/workspaceMestrado/fomdd/FOMDD/target/A/ServletJPA/domain/WebStores/StaticContent/src/main/webapp/seller.jsp
/home/gabriel/workspaceMestrado/fomdd/FOMDD/target/A/ServletJPA/domain/WebStores/Checkout/src/main/webapp/checkout.jsp
/home/gabriel/workspaceMestrado/fomdd/FOMDD/target/A/ServletJPA/domain/WebStores/StaticContent/src/main/webapp/checkout.jsp
/home/gabriel/workspaceMestrado/fomdd/FOMDD/target/A/ServletJPA/domain/WebStores/BasicBackEndDefinitions/src/main/webapp/response.jsp
/home/gabriel/workspaceMestrado/fomdd/FOMDD/target/A/ServletJPA/domain/WebStores/StaticContent/src/main/webapp/response.jsp
/home/gabriel/workspaceMestrado/fomdd/FOMDD/target/A/ServletJPA/domain/WebStores/BasicFrontEndDefinitions/src/main/java/controller/action/GoToCatalog.jak
/home/gabriel/workspaceMestrado/fomdd/FOMDD/target/A/ServletJPA/domain/WebStores/BasicBackEndDefinitions/src/main/java/controller/action/GoToSeller.jak
/home/gabriel/workspaceMestrado/fomdd/FOMDD/target/A/ServletJPA/domain/WebStores/Checkout/src/main/java/controller/action/GoToCheckout.jak
/home/gabriel/workspaceMestrado/fomdd/FOMDD/target/A/ServletJPA/domain/WebStores/BasicBackEndDefinitions/src/main/java/controller/action/GoToResponse.jak
/home/gabriel/workspaceMestrado/fomdd/FOMDD/target/A/ServletJPA/domain/WebStores/BasicFrontEndDefinitions/src/main/java/controller/action/VerifyCatalogFormAction.jak
/home/gabriel/workspaceMestrado/fomdd/FOMDD/target/A/ServletJPA/domain/WebStores/BasicBackEndDefinitions/src/main/java/controller/action/ProcessSellerFormAction.jak
/home/gabriel/workspaceMestrado/fomdd/FOMDD/target/A/ServletJPA/domain/WebStores/BasicBackEndDefinitions/src/main/java/controller/action/VerifySellerFormAction.jak
/home/gabriel/workspaceMestrado/fomdd/FOMDD/target/A/ServletJPA/domain/WebStores/Checkout/src/main/java/controller/action/ProcessCheckoutFormAction.jak
/home/gabriel/workspaceMestrado/fomdd/FOMDD/target/A/ServletJPA/domain/WebStores/Checkout/src/main/java/controller/action/VerifyCheckoutFormAction.jak
/home/gabriel/workspaceMestrado/fomdd/FOMDD/target/A/ServletJPA/domain/WebStores/BasicFrontEndDefinitions/src/main/java/controller/ControllerServlet.jak
/home/gabriel/workspaceMestrado/fomdd/FOMDD/target/A/ServletJPA/domain/WebStores/BasicBackEndDefinitions/src/main/java/controller/ControllerServlet.jak
/home/gabriel/workspaceMestrado/fomdd/FOMDD/target/A/ServletJPA/domain/WebStores/Checkout/src/main/java/controller/ControllerServlet.jak
